<?xml version="1.0" encoding="UTF-8"?>
<!-- Generated by org.testng.reporters.JUnitXMLReporter -->
<testsuite ignored="0" hostname="Pradeep_Machine" failures="0" tests="11" name="Test" time="460.189" errors="0" timestamp="2024-01-16T16:48:42 IST">
  <testcase classname="testCases.TC_001_LoginTest" name="verify_login" time="41.66"/>
  <testcase classname="testCases.TC_002_LoginDDT" name="verify_loginDDT" time="31.254"/>
  <testcase classname="testCases.TC_002_LoginDDT" name="verify_loginDDT" time="33.515"/>
  <testcase classname="testCases.TC_002_LoginDDT" name="verify_loginDDT" time="42.948"/>
  <testcase classname="testCases.TC_002_LoginDDT" name="verify_loginDDT" time="40.916"/>
  <testcase classname="testCases.TC_002_LoginDDT" name="verify_loginDDT" time="40.968"/>
  <testcase classname="testCases.TC_002_LoginDDT" name="verify_loginDDT" time="40.9"/>
  <testcase classname="testCases.TC_002_LoginDDT" name="verify_loginDDT" time="40.991"/>
  <testcase classname="testCases.TC_002_LoginDDT" name="verify_loginDDT" time="41.057"/>
  <testcase classname="testCases.TC_002_LoginDDT" name="verify_loginDDT" time="41.234"/>
  <testcase classname="testCases.TC_002_LoginDDT" name="verify_loginDDT" time="40.596"/>
</testsuite> <!-- Test -->
