<?xml version="1.0" encoding="UTF-8"?>
<!-- Generated by org.testng.reporters.JUnitXMLReporter -->
<testsuite ignored="0" hostname="Pradeep_Machine" failures="0" tests="10" name="Test" time="395.09" errors="0" timestamp="2024-04-09T13:37:31 IST">
  <testcase classname="testCases.TC_004_LoginDDT" name="verify_loginDDT" time="36.04"/>
  <testcase classname="testCases.TC_004_LoginDDT" name="verify_loginDDT" time="35.929"/>
  <testcase classname="testCases.TC_004_LoginDDT" name="verify_loginDDT" time="35.933"/>
  <testcase classname="testCases.TC_004_LoginDDT" name="verify_loginDDT" time="41.462"/>
  <testcase classname="testCases.TC_004_LoginDDT" name="verify_loginDDT" time="36.836"/>
  <testcase classname="testCases.TC_004_LoginDDT" name="verify_loginDDT" time="33.153"/>
  <testcase classname="testCases.TC_004_LoginDDT" name="verify_loginDDT" time="33.25"/>
  <testcase classname="testCases.TC_004_LoginDDT" name="verify_loginDDT" time="37.438"/>
  <testcase classname="testCases.TC_004_LoginDDT" name="verify_loginDDT" time="40.915"/>
  <testcase classname="testCases.TC_004_LoginDDT" name="verify_loginDDT" time="31.062"/>
</testsuite> <!-- Test -->
