<?xml version="1.0" encoding="UTF-8"?>
<!-- Generated by org.testng.reporters.JUnitXMLReporter -->
<testsuite ignored="0" hostname="Pradeep_Machine" failures="0" tests="14" name="Test" time="636.949" errors="0" timestamp="2024-04-17T09:13:45 IST">
  <testcase classname="testCases.TC_001_SignupTestbyVerifyEmail" name="verify_signup" time="67.275"/>
  <testcase classname="testCases.TC_002_SignupTestbyOTP" name="verify_signup" time="70.188"/>
  <testcase classname="testCases.TC_003_LoginTest" name="verify_login" time="17.091"/>
  <testcase classname="testCases.TC_004_LoginDDT" name="verify_loginDDT" time="21.775"/>
  <testcase classname="testCases.TC_004_LoginDDT" name="verify_loginDDT" time="29.805"/>
  <testcase classname="testCases.TC_004_LoginDDT" name="verify_loginDDT" time="46.124"/>
  <testcase classname="testCases.TC_004_LoginDDT" name="verify_loginDDT" time="38.112"/>
  <testcase classname="testCases.TC_004_LoginDDT" name="verify_loginDDT" time="37.012"/>
  <testcase classname="testCases.TC_004_LoginDDT" name="verify_loginDDT" time="38.207"/>
  <testcase classname="testCases.TC_004_LoginDDT" name="verify_loginDDT" time="38.809"/>
  <testcase classname="testCases.TC_004_LoginDDT" name="verify_loginDDT" time="34.311"/>
  <testcase classname="testCases.TC_004_LoginDDT" name="verify_loginDDT" time="31.539"/>
  <testcase classname="testCases.TC_004_LoginDDT" name="verify_loginDDT" time="32.304"/>
  <testcase classname="testCases.TC_005_ForgotPassword" name="verify_signup" time="38.579"/>
</testsuite> <!-- Test -->
