<?xml version="1.0" encoding="UTF-8"?>
<testng-results ignored="0" total="14" passed="14" failed="0" skipped="0">
  <reporter-output>
  </reporter-output>
  <suite started-at="2024-04-17T09:03:07 IST" name="Suite" finished-at="2024-04-17T09:13:44 IST" duration-ms="636949">
    <groups>
      <group name="sanity">
        <method signature="TC_001_SignupTestbyVerifyEmail.verify_signup()[pri:0, instance:testCases.TC_001_SignupTestbyVerifyEmail@42a48628]" name="verify_signup" class="testCases.TC_001_SignupTestbyVerifyEmail"/>
        <method signature="TC_002_SignupTestbyOTP.verify_signup()[pri:0, instance:testCases.TC_002_SignupTestbyOTP@38d8f54a]" name="verify_signup" class="testCases.TC_002_SignupTestbyOTP"/>
        <method signature="TC_003_LoginTest.verify_login()[pri:0, instance:testCases.TC_003_LoginTest@49e53c76]" name="verify_login" class="testCases.TC_003_LoginTest"/>
        <method signature="TC_005_ForgotPassword.verify_signup()[pri:0, instance:testCases.TC_005_ForgotPassword@2a3b5b47]" name="verify_signup" class="testCases.TC_005_ForgotPassword"/>
      </group> <!-- sanity -->
    </groups>
    <test started-at="2024-04-17T09:03:07 IST" name="Test" finished-at="2024-04-17T09:13:44 IST" duration-ms="636949">
      <class name="testCases.TC_002_SignupTestbyOTP">
        <test-method is-config="true" signature="setup(java.lang.String,java.lang.String)[pri:0, instance:testCases.TC_002_SignupTestbyOTP@38d8f54a]" started-at="2024-04-17T09:04:34 IST" name="setup" finished-at="2024-04-17T09:04:49 IST" duration-ms="15286" status="PASS">
          <params>
            <param index="0">
              <value>
                <![CDATA[window]]>
              </value>
            </param>
            <param index="1">
              <value>
                <![CDATA[Chrome]]>
              </value>
            </param>
          </params>
          <reporter-output>
          </reporter-output>
        </test-method> <!-- setup -->
        <test-method signature="verify_signup()[pri:0, instance:testCases.TC_002_SignupTestbyOTP@38d8f54a]" started-at="2024-04-17T09:04:49 IST" name="verify_signup" finished-at="2024-04-17T09:05:59 IST" duration-ms="70188" status="PASS">
          <reporter-output>
          </reporter-output>
        </test-method> <!-- verify_signup -->
        <test-method is-config="true" signature="tearDown()[pri:0, instance:testCases.TC_002_SignupTestbyOTP@38d8f54a]" started-at="2024-04-17T09:05:59 IST" name="tearDown" finished-at="2024-04-17T09:06:00 IST" duration-ms="422" status="PASS">
          <reporter-output>
          </reporter-output>
        </test-method> <!-- tearDown -->
      </class> <!-- testCases.TC_002_SignupTestbyOTP -->
      <class name="testCases.TC_004_LoginDDT">
        <test-method is-config="true" signature="setup(java.lang.String,java.lang.String)[pri:0, instance:testCases.TC_004_LoginDDT@351d00c0]" started-at="2024-04-17T09:06:33 IST" name="setup" finished-at="2024-04-17T09:06:54 IST" duration-ms="20908" status="PASS">
          <params>
            <param index="0">
              <value>
                <![CDATA[window]]>
              </value>
            </param>
            <param index="1">
              <value>
                <![CDATA[Chrome]]>
              </value>
            </param>
          </params>
          <reporter-output>
          </reporter-output>
        </test-method> <!-- setup -->
        <test-method signature="verify_loginDDT(java.lang.String,java.lang.String,java.lang.String)[pri:0, instance:testCases.TC_004_LoginDDT@351d00c0]" started-at="2024-04-17T09:06:56 IST" name="verify_loginDDT" data-provider="LoginData" finished-at="2024-04-17T09:07:18 IST" duration-ms="21775" status="PASS">
          <params>
            <param index="0">
              <value>
                <![CDATA[pradeep_1@yopmail.com]]>
              </value>
            </param>
            <param index="1">
              <value>
                <![CDATA[Abcd@1234]]>
              </value>
            </param>
            <param index="2">
              <value>
                <![CDATA[Valid]]>
              </value>
            </param>
          </params>
          <reporter-output>
          </reporter-output>
        </test-method> <!-- verify_loginDDT -->
        <test-method signature="verify_loginDDT(java.lang.String,java.lang.String,java.lang.String)[pri:0, instance:testCases.TC_004_LoginDDT@351d00c0]" started-at="2024-04-17T09:07:18 IST" name="verify_loginDDT" data-provider="LoginData" finished-at="2024-04-17T09:07:48 IST" duration-ms="29805" status="PASS">
          <params>
            <param index="0">
              <value>
                <![CDATA[pradeep_2@yopmail.com]]>
              </value>
            </param>
            <param index="1">
              <value>
                <![CDATA[Abcd@1234]]>
              </value>
            </param>
            <param index="2">
              <value>
                <![CDATA[Valid]]>
              </value>
            </param>
          </params>
          <reporter-output>
          </reporter-output>
        </test-method> <!-- verify_loginDDT -->
        <test-method signature="verify_loginDDT(java.lang.String,java.lang.String,java.lang.String)[pri:0, instance:testCases.TC_004_LoginDDT@351d00c0]" started-at="2024-04-17T09:07:48 IST" name="verify_loginDDT" data-provider="LoginData" finished-at="2024-04-17T09:08:34 IST" duration-ms="46124" status="PASS">
          <params>
            <param index="0">
              <value>
                <![CDATA[Pradeep_3@yopmail.com]]>
              </value>
            </param>
            <param index="1">
              <value>
                <![CDATA[Abcd@1236]]>
              </value>
            </param>
            <param index="2">
              <value>
                <![CDATA[Invalid]]>
              </value>
            </param>
          </params>
          <reporter-output>
          </reporter-output>
        </test-method> <!-- verify_loginDDT -->
        <test-method signature="verify_loginDDT(java.lang.String,java.lang.String,java.lang.String)[pri:0, instance:testCases.TC_004_LoginDDT@351d00c0]" started-at="2024-04-17T09:08:34 IST" name="verify_loginDDT" data-provider="LoginData" finished-at="2024-04-17T09:09:12 IST" duration-ms="38112" status="PASS">
          <params>
            <param index="0">
              <value>
                <![CDATA[Pradeep_4@yopmail.com]]>
              </value>
            </param>
            <param index="1">
              <value>
                <![CDATA[Abcd@1237]]>
              </value>
            </param>
            <param index="2">
              <value>
                <![CDATA[Invalid]]>
              </value>
            </param>
          </params>
          <reporter-output>
          </reporter-output>
        </test-method> <!-- verify_loginDDT -->
        <test-method signature="verify_loginDDT(java.lang.String,java.lang.String,java.lang.String)[pri:0, instance:testCases.TC_004_LoginDDT@351d00c0]" started-at="2024-04-17T09:09:12 IST" name="verify_loginDDT" data-provider="LoginData" finished-at="2024-04-17T09:09:49 IST" duration-ms="37012" status="PASS">
          <params>
            <param index="0">
              <value>
                <![CDATA[pradeep_5@yopmail.com]]>
              </value>
            </param>
            <param index="1">
              <value>
                <![CDATA[Abcd@1238]]>
              </value>
            </param>
            <param index="2">
              <value>
                <![CDATA[Invalid]]>
              </value>
            </param>
          </params>
          <reporter-output>
          </reporter-output>
        </test-method> <!-- verify_loginDDT -->
        <test-method signature="verify_loginDDT(java.lang.String,java.lang.String,java.lang.String)[pri:0, instance:testCases.TC_004_LoginDDT@351d00c0]" started-at="2024-04-17T09:09:49 IST" name="verify_loginDDT" data-provider="LoginData" finished-at="2024-04-17T09:10:27 IST" duration-ms="38207" status="PASS">
          <params>
            <param index="0">
              <value>
                <![CDATA[pradeep_6@yopmail.com]]>
              </value>
            </param>
            <param index="1">
              <value>
                <![CDATA[Abcd@1239]]>
              </value>
            </param>
            <param index="2">
              <value>
                <![CDATA[Invalid]]>
              </value>
            </param>
          </params>
          <reporter-output>
          </reporter-output>
        </test-method> <!-- verify_loginDDT -->
        <test-method signature="verify_loginDDT(java.lang.String,java.lang.String,java.lang.String)[pri:0, instance:testCases.TC_004_LoginDDT@351d00c0]" started-at="2024-04-17T09:10:27 IST" name="verify_loginDDT" data-provider="LoginData" finished-at="2024-04-17T09:11:06 IST" duration-ms="38809" status="PASS">
          <params>
            <param index="0">
              <value>
                <![CDATA[pradeep_7@yopmail.com]]>
              </value>
            </param>
            <param index="1">
              <value>
                <![CDATA[Abcd@1240]]>
              </value>
            </param>
            <param index="2">
              <value>
                <![CDATA[Invalid]]>
              </value>
            </param>
          </params>
          <reporter-output>
          </reporter-output>
        </test-method> <!-- verify_loginDDT -->
        <test-method signature="verify_loginDDT(java.lang.String,java.lang.String,java.lang.String)[pri:0, instance:testCases.TC_004_LoginDDT@351d00c0]" started-at="2024-04-17T09:11:06 IST" name="verify_loginDDT" data-provider="LoginData" finished-at="2024-04-17T09:11:40 IST" duration-ms="34311" status="PASS">
          <params>
            <param index="0">
              <value>
                <![CDATA[pradeep_8@yopmail.com]]>
              </value>
            </param>
            <param index="1">
              <value>
                <![CDATA[Abcd@1241]]>
              </value>
            </param>
            <param index="2">
              <value>
                <![CDATA[Invalid]]>
              </value>
            </param>
          </params>
          <reporter-output>
          </reporter-output>
        </test-method> <!-- verify_loginDDT -->
        <test-method signature="verify_loginDDT(java.lang.String,java.lang.String,java.lang.String)[pri:0, instance:testCases.TC_004_LoginDDT@351d00c0]" started-at="2024-04-17T09:11:40 IST" name="verify_loginDDT" data-provider="LoginData" finished-at="2024-04-17T09:12:12 IST" duration-ms="31539" status="PASS">
          <params>
            <param index="0">
              <value>
                <![CDATA[pradeep_9@yopmail.com]]>
              </value>
            </param>
            <param index="1">
              <value>
                <![CDATA[Abcd@1242]]>
              </value>
            </param>
            <param index="2">
              <value>
                <![CDATA[Invalid]]>
              </value>
            </param>
          </params>
          <reporter-output>
          </reporter-output>
        </test-method> <!-- verify_loginDDT -->
        <test-method signature="verify_loginDDT(java.lang.String,java.lang.String,java.lang.String)[pri:0, instance:testCases.TC_004_LoginDDT@351d00c0]" started-at="2024-04-17T09:12:12 IST" name="verify_loginDDT" data-provider="LoginData" finished-at="2024-04-17T09:12:44 IST" duration-ms="32304" status="PASS">
          <params>
            <param index="0">
              <value>
                <![CDATA[]]>
              </value>
            </param>
            <param index="1">
              <value>
                <![CDATA[]]>
              </value>
            </param>
            <param index="2">
              <value>
                <![CDATA[]]>
              </value>
            </param>
          </params>
          <reporter-output>
          </reporter-output>
        </test-method> <!-- verify_loginDDT -->
        <test-method is-config="true" signature="tearDown()[pri:0, instance:testCases.TC_004_LoginDDT@351d00c0]" started-at="2024-04-17T09:12:44 IST" name="tearDown" finished-at="2024-04-17T09:12:45 IST" duration-ms="543" status="PASS">
          <reporter-output>
          </reporter-output>
        </test-method> <!-- tearDown -->
      </class> <!-- testCases.TC_004_LoginDDT -->
      <class name="testCases.TC_003_LoginTest">
        <test-method is-config="true" signature="setup(java.lang.String,java.lang.String)[pri:0, instance:testCases.TC_003_LoginTest@49e53c76]" started-at="2024-04-17T09:06:00 IST" name="setup" finished-at="2024-04-17T09:06:15 IST" duration-ms="15642" status="PASS">
          <params>
            <param index="0">
              <value>
                <![CDATA[window]]>
              </value>
            </param>
            <param index="1">
              <value>
                <![CDATA[Chrome]]>
              </value>
            </param>
          </params>
          <reporter-output>
          </reporter-output>
        </test-method> <!-- setup -->
        <test-method signature="verify_login()[pri:0, instance:testCases.TC_003_LoginTest@49e53c76]" started-at="2024-04-17T09:06:15 IST" name="verify_login" finished-at="2024-04-17T09:06:33 IST" duration-ms="17091" status="PASS">
          <reporter-output>
          </reporter-output>
        </test-method> <!-- verify_login -->
        <test-method is-config="true" signature="tearDown()[pri:0, instance:testCases.TC_003_LoginTest@49e53c76]" started-at="2024-04-17T09:06:33 IST" name="tearDown" finished-at="2024-04-17T09:06:33 IST" duration-ms="321" status="PASS">
          <reporter-output>
          </reporter-output>
        </test-method> <!-- tearDown -->
      </class> <!-- testCases.TC_003_LoginTest -->
      <class name="testCases.TC_001_SignupTestbyVerifyEmail">
        <test-method is-config="true" signature="setup(java.lang.String,java.lang.String)[pri:0, instance:testCases.TC_001_SignupTestbyVerifyEmail@42a48628]" started-at="2024-04-17T09:03:07 IST" name="setup" finished-at="2024-04-17T09:03:26 IST" duration-ms="18577" status="PASS">
          <params>
            <param index="0">
              <value>
                <![CDATA[window]]>
              </value>
            </param>
            <param index="1">
              <value>
                <![CDATA[Chrome]]>
              </value>
            </param>
          </params>
          <reporter-output>
          </reporter-output>
        </test-method> <!-- setup -->
        <test-method signature="verify_signup()[pri:0, instance:testCases.TC_001_SignupTestbyVerifyEmail@42a48628]" started-at="2024-04-17T09:03:26 IST" name="verify_signup" finished-at="2024-04-17T09:04:33 IST" duration-ms="67275" status="PASS">
          <reporter-output>
          </reporter-output>
        </test-method> <!-- verify_signup -->
        <test-method is-config="true" signature="tearDown()[pri:0, instance:testCases.TC_001_SignupTestbyVerifyEmail@42a48628]" started-at="2024-04-17T09:04:33 IST" name="tearDown" finished-at="2024-04-17T09:04:34 IST" duration-ms="588" status="PASS">
          <reporter-output>
          </reporter-output>
        </test-method> <!-- tearDown -->
      </class> <!-- testCases.TC_001_SignupTestbyVerifyEmail -->
      <class name="testCases.TC_005_ForgotPassword">
        <test-method is-config="true" signature="setup(java.lang.String,java.lang.String)[pri:0, instance:testCases.TC_005_ForgotPassword@2a3b5b47]" started-at="2024-04-17T09:12:45 IST" name="setup" finished-at="2024-04-17T09:13:05 IST" duration-ms="20121" status="PASS">
          <params>
            <param index="0">
              <value>
                <![CDATA[window]]>
              </value>
            </param>
            <param index="1">
              <value>
                <![CDATA[Chrome]]>
              </value>
            </param>
          </params>
          <reporter-output>
          </reporter-output>
        </test-method> <!-- setup -->
        <test-method signature="verify_signup()[pri:0, instance:testCases.TC_005_ForgotPassword@2a3b5b47]" started-at="2024-04-17T09:13:05 IST" name="verify_signup" finished-at="2024-04-17T09:13:43 IST" duration-ms="38579" status="PASS">
          <reporter-output>
          </reporter-output>
        </test-method> <!-- verify_signup -->
        <test-method is-config="true" signature="tearDown()[pri:0, instance:testCases.TC_005_ForgotPassword@2a3b5b47]" started-at="2024-04-17T09:13:43 IST" name="tearDown" finished-at="2024-04-17T09:13:44 IST" duration-ms="382" status="PASS">
          <reporter-output>
          </reporter-output>
        </test-method> <!-- tearDown -->
      </class> <!-- testCases.TC_005_ForgotPassword -->
    </test> <!-- Test -->
  </suite> <!-- Suite -->
</testng-results>
