<?xml version="1.0" encoding="UTF-8"?>
<testsuite xmlns:xsi="http://www.w3.org/2001/XMLSchema-instance" xsi:noNamespaceSchemaLocation="https://maven.apache.org/surefire/maven-surefire-plugin/xsd/surefire-test-report-3.0.xsd" version="3.0" name="TestSuite" time="639.833" tests="14" errors="0" skipped="0" failures="0">
  <properties>
[...]
</properties>
  <testcase name="verify_signup" classname="testCases.TC_001_SignupTestbyVerifyEmail" time="67.311">
    <system-out><![CDATA[09:03:26.567 [main] INFO  testCases.TC_001_SignupTestbyVerifyEmail - ***  Starting TC_001_SignupTest through Email  ***
09:03:26.948 [main] INFO  testCases.TC_001_SignupTestbyVerifyEmail - *  Providing User Data  *
09:03:27.269 [main] INFO  testCases.TC_001_SignupTestbyVerifyEmail - *  Name Provided  *
09:03:27.651 [main] INFO  testCases.TC_001_SignupTestbyVerifyEmail - *  Email1 Provided  *
09:03:28.043 [main] INFO  testCases.TC_001_SignupTestbyVerifyEmail - *  Broker name Provided  *
09:03:28.338 [main] INFO  testCases.TC_001_SignupTestbyVerifyEmail - *  Password Provided  *
09:03:28.476 [main] INFO  testCases.TC_001_SignupTestbyVerifyEmail - * Clicked on GetStarted *
09:03:43.800 [main] INFO  testCases.TC_001_SignupTestbyVerifyEmail - * Clicked on Enter Code Manually *
09:03:48.425 [main] INFO  testCases.TC_001_SignupTestbyVerifyEmail - * Navigate to Yopmail *
09:03:55.680 [main] INFO  testCases.TC_001_SignupTestbyVerifyEmail - * Email1 Entered *
09:03:58.134 [main] INFO  testCases.TC_001_SignupTestbyVerifyEmail - * Clicked on Verify Now *
09:03:58.193 [main] INFO  testCases.TC_001_SignupTestbyVerifyEmail - Window ID   13C88F5EB97424413724D94970F76490
09:04:03.068 [main] INFO  testCases.TC_001_SignupTestbyVerifyEmail - Page Title  Xsel
09:04:12.643 [main] INFO  testCases.TC_001_SignupTestbyVerifyEmail - *  Providing Username & Pswd  *
09:04:14.258 [main] INFO  testCases.TC_001_SignupTestbyVerifyEmail - *  Clicked on Login button  *
09:04:33.599 [main] INFO  testCases.TC_001_SignupTestbyVerifyEmail - *  Clicked on Profile Menu button  *
09:04:33.699 [main] INFO  testCases.TC_001_SignupTestbyVerifyEmail - Profile Menu Email1 is --Pradeep_177@yopmail.com
09:04:33.756 [main] INFO  testCases.TC_001_SignupTestbyVerifyEmail - Pradeep_177@yopmail.com
09:04:33.756 [main] INFO  testCases.TC_001_SignupTestbyVerifyEmail - Pradeep_177@yopmail.com
09:04:33.804 [main] INFO  testCases.TC_001_SignupTestbyVerifyEmail - ***  Finished TC_001_SignupTest through Email1  ***
]]></system-out>
    <system-err><![CDATA[SLF4J(W): No SLF4J providers were found.
SLF4J(W): Defaulting to no-operation (NOP) logger implementation
SLF4J(W): See https://www.slf4j.org/codes.html#noProviders for further details.
Apr 17, 2024 9:03:12 AM org.openqa.selenium.devtools.CdpVersionFinder findNearestMatch
WARNING: Unable to find an exact match for CDP version 123, returning the closest version; found: 122; Please update to a Selenium version that supports CDP version 123
]]></system-err>
  </testcase>
  <testcase name="verify_signup" classname="testCases.TC_002_SignupTestbyOTP" time="70.188">
    <system-out><![CDATA[09:04:49.731 [main] INFO  testCases.TC_002_SignupTestbyOTP - ***  Starting TC_002_SignupTest OTP  ***
09:04:49.919 [main] INFO  testCases.TC_002_SignupTestbyOTP - *  Providing User Data  *
09:04:50.221 [main] INFO  testCases.TC_002_SignupTestbyOTP - *  Name2 Provided  *
09:04:50.560 [main] INFO  testCases.TC_002_SignupTestbyOTP - *  Email Provided  *
09:04:50.905 [main] INFO  testCases.TC_002_SignupTestbyOTP - *  Broker Name2 Provided  *
09:04:51.189 [main] INFO  testCases.TC_002_SignupTestbyOTP - *  Password Provided  *
09:04:51.307 [main] INFO  testCases.TC_002_SignupTestbyOTP - * Clicked on GetStarted *
09:05:06.563 [main] INFO  testCases.TC_002_SignupTestbyOTP - * Clicked on Enter Code Manually *
09:05:13.945 [main] INFO  testCases.TC_002_SignupTestbyOTP - * Navigate to Yopmail *
09:05:14.231 [main] INFO  testCases.TC_002_SignupTestbyOTP - * Email Entered *
09:05:19.084 [main] INFO  testCases.TC_002_SignupTestbyOTP - 2675
09:05:29.789 [main] INFO  testCases.TC_002_SignupTestbyOTP - * otp entered *
09:05:32.994 [main] INFO  testCases.TC_002_SignupTestbyOTP - * clicked verify *
09:05:38.958 [main] INFO  testCases.TC_002_SignupTestbyOTP - *  Providing UserName2 & Pswd  *
09:05:40.509 [main] INFO  testCases.TC_002_SignupTestbyOTP - *  Clicked on Login button  *
09:05:59.732 [main] INFO  testCases.TC_002_SignupTestbyOTP - *  Clicked on Profile Menu button  *
09:05:59.804 [main] INFO  testCases.TC_002_SignupTestbyOTP - Profile Menu Email is --Pradeep_178@yopmail.com
09:05:59.856 [main] INFO  testCases.TC_002_SignupTestbyOTP - Pradeep_178@yopmail.com
09:05:59.856 [main] INFO  testCases.TC_002_SignupTestbyOTP - Pradeep_178@yopmail.com
09:05:59.911 [main] INFO  testCases.TC_002_SignupTestbyOTP - ***  Finished TC_002_SignupTest OTP  ***
]]></system-out>
    <system-err><![CDATA[Apr 17, 2024 9:04:36 AM org.openqa.selenium.devtools.CdpVersionFinder findNearestMatch
WARNING: Unable to find an exact match for CDP version 123, returning the closest version; found: 122; Please update to a Selenium version that supports CDP version 123
]]></system-err>
  </testcase>
  <testcase name="verify_login" classname="testCases.TC_003_LoginTest" time="17.09">
    <system-out><![CDATA[09:06:15.985 [main] INFO  testCases.TC_003_LoginTest - ***  Starting TC_003_LoginTest  ***
09:06:15.987 [main] INFO  testCases.TC_003_LoginTest - *  Providing Username & Pswd  *
09:06:17.626 [main] INFO  testCases.TC_003_LoginTest - *  Clicked on Login button  *
09:06:32.854 [main] INFO  testCases.TC_003_LoginTest - *  Clicked on Profile Menu button  *
09:06:32.972 [main] INFO  testCases.TC_003_LoginTest - Profile Menu Email is --pradeep_1@yopmail.com
09:06:33.018 [main] INFO  testCases.TC_003_LoginTest - pradeep_1@yopmail.com
09:06:33.018 [main] INFO  testCases.TC_003_LoginTest - Pradeep_1@yopmail.com
09:06:33.067 [main] INFO  testCases.TC_003_LoginTest - ***  Finished TC_003_Login  ***
]]></system-out>
    <system-err><![CDATA[Apr 17, 2024 9:06:02 AM org.openqa.selenium.devtools.CdpVersionFinder findNearestMatch
WARNING: Unable to find an exact match for CDP version 123, returning the closest version; found: 122; Please update to a Selenium version that supports CDP version 123
]]></system-err>
  </testcase>
  <testcase name="verify_loginDDT[pradeep_1@yopmail.com, Abcd@1234, Valid](1)" classname="testCases.TC_004_LoginDDT" time="21.776">
    <system-out><![CDATA[09:06:56.703 [main] INFO  testCases.TC_004_LoginDDT - ****  Starting TC_004_LoginDDT   ****
09:06:57.026 [main] INFO  testCases.TC_004_LoginDDT - *  Providing Username & Pswd  *
09:06:57.971 [main] INFO  testCases.TC_004_LoginDDT - *  Clicked on Login button  *
09:07:18.472 [main] INFO  testCases.TC_004_LoginDDT - ***  Finished TC_004_LoginDDT  ***
]]></system-out>
    <system-err><![CDATA[Apr 17, 2024 9:06:35 AM org.openqa.selenium.devtools.CdpVersionFinder findNearestMatch
WARNING: Unable to find an exact match for CDP version 123, returning the closest version; found: 122; Please update to a Selenium version that supports CDP version 123
]]></system-err>
  </testcase>
  <testcase name="verify_loginDDT[pradeep_2@yopmail.com, Abcd@1234, Valid](2)" classname="testCases.TC_004_LoginDDT" time="29.812">
    <system-out><![CDATA[09:07:18.475 [main] INFO  testCases.TC_004_LoginDDT - ****  Starting TC_004_LoginDDT   ****
09:07:26.726 [main] INFO  testCases.TC_004_LoginDDT - *  Providing Username & Pswd  *
09:07:27.756 [main] INFO  testCases.TC_004_LoginDDT - *  Clicked on Login button  *
09:07:48.279 [main] INFO  testCases.TC_004_LoginDDT - ***  Finished TC_004_LoginDDT  ***
]]></system-out>
  </testcase>
  <testcase name="verify_loginDDT[Pradeep_3@yopmail.com, Abcd@1236, Invalid](3)" classname="testCases.TC_004_LoginDDT" time="46.124">
    <system-out><![CDATA[09:07:48.287 [main] INFO  testCases.TC_004_LoginDDT - ****  Starting TC_004_LoginDDT   ****
09:07:57.471 [main] INFO  testCases.TC_004_LoginDDT - *  Providing Username & Pswd  *
09:07:58.313 [main] INFO  testCases.TC_004_LoginDDT - *  Clicked on Login button  *
09:08:34.411 [main] INFO  testCases.TC_004_LoginDDT - ***  Finished TC_004_LoginDDT  ***
]]></system-out>
  </testcase>
  <testcase name="verify_loginDDT[Pradeep_4@yopmail.com, Abcd@1237, Invalid](4)" classname="testCases.TC_004_LoginDDT" time="38.107">
    <system-out><![CDATA[09:08:34.418 [main] INFO  testCases.TC_004_LoginDDT - ****  Starting TC_004_LoginDDT   ****
09:08:34.930 [main] INFO  testCases.TC_004_LoginDDT - *  Providing Username & Pswd  *
09:08:35.845 [main] INFO  testCases.TC_004_LoginDDT - *  Clicked on Login button  *
09:09:12.523 [main] INFO  testCases.TC_004_LoginDDT - ***  Finished TC_004_LoginDDT  ***
]]></system-out>
  </testcase>
  <testcase name="verify_loginDDT[pradeep_5@yopmail.com, Abcd@1238, Invalid](5)" classname="testCases.TC_004_LoginDDT" time="37.015">
    <system-out><![CDATA[09:09:12.525 [main] INFO  testCases.TC_004_LoginDDT - ****  Starting TC_004_LoginDDT   ****
09:09:12.983 [main] INFO  testCases.TC_004_LoginDDT - *  Providing Username & Pswd  *
09:09:13.860 [main] INFO  testCases.TC_004_LoginDDT - *  Clicked on Login button  *
09:09:49.537 [main] INFO  testCases.TC_004_LoginDDT - ***  Finished TC_004_LoginDDT  ***
]]></system-out>
  </testcase>
  <testcase name="verify_loginDDT[pradeep_6@yopmail.com, Abcd@1239, Invalid](6)" classname="testCases.TC_004_LoginDDT" time="38.206">
    <system-out><![CDATA[09:09:49.541 [main] INFO  testCases.TC_004_LoginDDT - ****  Starting TC_004_LoginDDT   ****
09:09:49.917 [main] INFO  testCases.TC_004_LoginDDT - *  Providing Username & Pswd  *
09:09:50.908 [main] INFO  testCases.TC_004_LoginDDT - *  Clicked on Login button  *
09:10:27.747 [main] INFO  testCases.TC_004_LoginDDT - ***  Finished TC_004_LoginDDT  ***
]]></system-out>
  </testcase>
  <testcase name="verify_loginDDT[pradeep_7@yopmail.com, Abcd@1240, Invalid](7)" classname="testCases.TC_004_LoginDDT" time="38.806">
    <system-out><![CDATA[09:10:27.750 [main] INFO  testCases.TC_004_LoginDDT - ****  Starting TC_004_LoginDDT   ****
09:10:28.127 [main] INFO  testCases.TC_004_LoginDDT - *  Providing Username & Pswd  *
09:10:29.140 [main] INFO  testCases.TC_004_LoginDDT - *  Clicked on Login button  *
09:11:06.553 [main] INFO  testCases.TC_004_LoginDDT - ***  Finished TC_004_LoginDDT  ***
]]></system-out>
  </testcase>
  <testcase name="verify_loginDDT[pradeep_8@yopmail.com, Abcd@1241, Invalid](8)" classname="testCases.TC_004_LoginDDT" time="34.317">
    <system-out><![CDATA[09:11:06.556 [main] INFO  testCases.TC_004_LoginDDT - ****  Starting TC_004_LoginDDT   ****
09:11:06.815 [main] INFO  testCases.TC_004_LoginDDT - *  Providing Username & Pswd  *
09:11:07.771 [main] INFO  testCases.TC_004_LoginDDT - *  Clicked on Login button  *
09:11:40.867 [main] INFO  testCases.TC_004_LoginDDT - ***  Finished TC_004_LoginDDT  ***
]]></system-out>
  </testcase>
  <testcase name="verify_loginDDT[pradeep_9@yopmail.com, Abcd@1242, Invalid](9)" classname="testCases.TC_004_LoginDDT" time="31.54">
    <system-out><![CDATA[09:11:40.873 [main] INFO  testCases.TC_004_LoginDDT - ****  Starting TC_004_LoginDDT   ****
09:11:41.273 [main] INFO  testCases.TC_004_LoginDDT - *  Providing Username & Pswd  *
09:11:42.320 [main] INFO  testCases.TC_004_LoginDDT - *  Clicked on Login button  *
09:12:12.406 [main] INFO  testCases.TC_004_LoginDDT - ***  Finished TC_004_LoginDDT  ***
]]></system-out>
  </testcase>
  <testcase name="verify_loginDDT[, , ](10)" classname="testCases.TC_004_LoginDDT" time="32.287">
    <system-out><![CDATA[09:12:12.406 [main] INFO  testCases.TC_004_LoginDDT - ****  Starting TC_004_LoginDDT   ****
09:12:14.257 [main] INFO  testCases.TC_004_LoginDDT - *  Providing Username & Pswd  *
09:12:14.675 [main] INFO  testCases.TC_004_LoginDDT - *  Clicked on Login button  *
09:12:44.710 [main] INFO  testCases.TC_004_LoginDDT - ***  Finished TC_004_LoginDDT  ***
]]></system-out>
  </testcase>
  <testcase name="verify_signup" classname="testCases.TC_005_ForgotPassword" time="38.579">
    <system-out><![CDATA[09:13:05.374 [main] INFO  testCases.TC_005_ForgotPassword - ***  Starting TC_005_ForgotPassword through Email  ***
09:13:14.208 [main] INFO  testCases.TC_005_ForgotPassword - * Navigate to Yopmail *
09:13:14.435 [main] INFO  testCases.TC_005_ForgotPassword - * Email Entered *
09:13:18.385 [main] INFO  testCases.TC_005_ForgotPassword - Window ID   7B083745008F8B582971396A23C1A156
09:13:18.948 [main] INFO  testCases.TC_005_ForgotPassword - Page Title  Xsel
09:13:24.896 [main] INFO  testCases.TC_005_ForgotPassword - *  Providing Username & Pswd  *
09:13:28.480 [main] INFO  testCases.TC_005_ForgotPassword - *  Clicked on Login button  *
09:13:43.760 [main] INFO  testCases.TC_005_ForgotPassword - *  Clicked on Profile Menu button  *
09:13:43.871 [main] INFO  testCases.TC_005_ForgotPassword - Profile Menu Email is --Pradeep_143@yopmail.com
09:13:43.912 [main] INFO  testCases.TC_005_ForgotPassword - Pradeep_143@yopmail.com
09:13:43.912 [main] INFO  testCases.TC_005_ForgotPassword - Pradeep_143@yopmail.com
09:13:43.953 [main] INFO  testCases.TC_005_ForgotPassword - ***  Finished TC_005_ForgotPassword  ***
]]></system-out>
    <system-err><![CDATA[Apr 17, 2024 9:12:47 AM org.openqa.selenium.devtools.CdpVersionFinder findNearestMatch
WARNING: Unable to find an exact match for CDP version 123, returning the closest version; found: 122; Please update to a Selenium version that supports CDP version 123
]]></system-err>
  </testcase>
</testsuite>