<?xml version="1.0" encoding="UTF-8"?>
<testng-results ignored="0" total="11" passed="11" failed="0" skipped="0">
  <reporter-output>
  </reporter-output>
  <suite started-at="2024-01-16T16:41:01 IST" name="Suite" finished-at="2024-01-16T16:48:42 IST" duration-ms="460189">
    <groups>
      <group name="sanity">
        <method signature="TC_001_LoginTest.verify_login()[pri:0, instance:testCases.TC_001_LoginTest@40499e4f]" name="verify_login" class="testCases.TC_001_LoginTest"/>
      </group> <!-- sanity -->
    </groups>
    <test started-at="2024-01-16T16:41:01 IST" name="Test" finished-at="2024-01-16T16:48:42 IST" duration-ms="460189">
      <class name="testCases.TC_001_LoginTest">
        <test-method is-config="true" signature="setup(java.lang.String,java.lang.String)[pri:0, instance:testCases.TC_001_LoginTest@40499e4f]" started-at="2024-01-16T16:41:02 IST" name="setup" finished-at="2024-01-16T16:41:12 IST" duration-ms="10555" status="PASS">
          <params>
            <param index="0">
              <value>
                <![CDATA[window]]>
              </value>
            </param>
            <param index="1">
              <value>
                <![CDATA[Chrome]]>
              </value>
            </param>
          </params>
          <reporter-output>
          </reporter-output>
        </test-method> <!-- setup -->
        <test-method signature="verify_login()[pri:0, instance:testCases.TC_001_LoginTest@40499e4f]" started-at="2024-01-16T16:41:12 IST" name="verify_login" finished-at="2024-01-16T16:41:54 IST" duration-ms="41660" status="PASS">
          <reporter-output>
          </reporter-output>
        </test-method> <!-- verify_login -->
        <test-method is-config="true" signature="tearDown()[pri:0, instance:testCases.TC_001_LoginTest@40499e4f]" started-at="2024-01-16T16:41:54 IST" name="tearDown" finished-at="2024-01-16T16:41:54 IST" duration-ms="344" status="PASS">
          <reporter-output>
          </reporter-output>
        </test-method> <!-- tearDown -->
      </class> <!-- testCases.TC_001_LoginTest -->
      <class name="testCases.TC_002_LoginDDT">
        <test-method is-config="true" signature="setup(java.lang.String,java.lang.String)[pri:0, instance:testCases.TC_002_LoginDDT@6f2cb653]" started-at="2024-01-16T16:41:54 IST" name="setup" finished-at="2024-01-16T16:42:04 IST" duration-ms="9847" status="PASS">
          <params>
            <param index="0">
              <value>
                <![CDATA[window]]>
              </value>
            </param>
            <param index="1">
              <value>
                <![CDATA[Chrome]]>
              </value>
            </param>
          </params>
          <reporter-output>
          </reporter-output>
        </test-method> <!-- setup -->
        <test-method signature="verify_loginDDT(java.lang.String,java.lang.String,java.lang.String)[pri:0, instance:testCases.TC_002_LoginDDT@6f2cb653]" started-at="2024-01-16T16:42:07 IST" name="verify_loginDDT" data-provider="LoginData" finished-at="2024-01-16T16:42:38 IST" duration-ms="31254" status="PASS">
          <params>
            <param index="0">
              <value>
                <![CDATA[pradeep_1@yopmail.com]]>
              </value>
            </param>
            <param index="1">
              <value>
                <![CDATA[Abcd@1234]]>
              </value>
            </param>
            <param index="2">
              <value>
                <![CDATA[Valid]]>
              </value>
            </param>
          </params>
          <reporter-output>
          </reporter-output>
        </test-method> <!-- verify_loginDDT -->
        <test-method signature="verify_loginDDT(java.lang.String,java.lang.String,java.lang.String)[pri:0, instance:testCases.TC_002_LoginDDT@6f2cb653]" started-at="2024-01-16T16:42:38 IST" name="verify_loginDDT" data-provider="LoginData" finished-at="2024-01-16T16:43:12 IST" duration-ms="33515" status="PASS">
          <params>
            <param index="0">
              <value>
                <![CDATA[pradeep_2@yopmail.com]]>
              </value>
            </param>
            <param index="1">
              <value>
                <![CDATA[Abcd@1234]]>
              </value>
            </param>
            <param index="2">
              <value>
                <![CDATA[Valid]]>
              </value>
            </param>
          </params>
          <reporter-output>
          </reporter-output>
        </test-method> <!-- verify_loginDDT -->
        <test-method signature="verify_loginDDT(java.lang.String,java.lang.String,java.lang.String)[pri:0, instance:testCases.TC_002_LoginDDT@6f2cb653]" started-at="2024-01-16T16:43:12 IST" name="verify_loginDDT" data-provider="LoginData" finished-at="2024-01-16T16:43:55 IST" duration-ms="42948" status="PASS">
          <params>
            <param index="0">
              <value>
                <![CDATA[Pradeep_3@yopmail.com]]>
              </value>
            </param>
            <param index="1">
              <value>
                <![CDATA[Abcd@1236]]>
              </value>
            </param>
            <param index="2">
              <value>
                <![CDATA[Invalid]]>
              </value>
            </param>
          </params>
          <reporter-output>
          </reporter-output>
        </test-method> <!-- verify_loginDDT -->
        <test-method signature="verify_loginDDT(java.lang.String,java.lang.String,java.lang.String)[pri:0, instance:testCases.TC_002_LoginDDT@6f2cb653]" started-at="2024-01-16T16:43:55 IST" name="verify_loginDDT" data-provider="LoginData" finished-at="2024-01-16T16:44:35 IST" duration-ms="40916" status="PASS">
          <params>
            <param index="0">
              <value>
                <![CDATA[Pradeep_4@yopmail.com]]>
              </value>
            </param>
            <param index="1">
              <value>
                <![CDATA[Abcd@1237]]>
              </value>
            </param>
            <param index="2">
              <value>
                <![CDATA[Invalid]]>
              </value>
            </param>
          </params>
          <reporter-output>
          </reporter-output>
        </test-method> <!-- verify_loginDDT -->
        <test-method signature="verify_loginDDT(java.lang.String,java.lang.String,java.lang.String)[pri:0, instance:testCases.TC_002_LoginDDT@6f2cb653]" started-at="2024-01-16T16:44:35 IST" name="verify_loginDDT" data-provider="LoginData" finished-at="2024-01-16T16:45:16 IST" duration-ms="40968" status="PASS">
          <params>
            <param index="0">
              <value>
                <![CDATA[pradeep_5@yopmail.com]]>
              </value>
            </param>
            <param index="1">
              <value>
                <![CDATA[Abcd@1238]]>
              </value>
            </param>
            <param index="2">
              <value>
                <![CDATA[Invalid]]>
              </value>
            </param>
          </params>
          <reporter-output>
          </reporter-output>
        </test-method> <!-- verify_loginDDT -->
        <test-method signature="verify_loginDDT(java.lang.String,java.lang.String,java.lang.String)[pri:0, instance:testCases.TC_002_LoginDDT@6f2cb653]" started-at="2024-01-16T16:45:16 IST" name="verify_loginDDT" data-provider="LoginData" finished-at="2024-01-16T16:45:57 IST" duration-ms="40900" status="PASS">
          <params>
            <param index="0">
              <value>
                <![CDATA[pradeep_6@yopmail.com]]>
              </value>
            </param>
            <param index="1">
              <value>
                <![CDATA[Abcd@1239]]>
              </value>
            </param>
            <param index="2">
              <value>
                <![CDATA[Invalid]]>
              </value>
            </param>
          </params>
          <reporter-output>
          </reporter-output>
        </test-method> <!-- verify_loginDDT -->
        <test-method signature="verify_loginDDT(java.lang.String,java.lang.String,java.lang.String)[pri:0, instance:testCases.TC_002_LoginDDT@6f2cb653]" started-at="2024-01-16T16:45:57 IST" name="verify_loginDDT" data-provider="LoginData" finished-at="2024-01-16T16:46:38 IST" duration-ms="40991" status="PASS">
          <params>
            <param index="0">
              <value>
                <![CDATA[pradeep_7@yopmail.com]]>
              </value>
            </param>
            <param index="1">
              <value>
                <![CDATA[Abcd@1240]]>
              </value>
            </param>
            <param index="2">
              <value>
                <![CDATA[Invalid]]>
              </value>
            </param>
          </params>
          <reporter-output>
          </reporter-output>
        </test-method> <!-- verify_loginDDT -->
        <test-method signature="verify_loginDDT(java.lang.String,java.lang.String,java.lang.String)[pri:0, instance:testCases.TC_002_LoginDDT@6f2cb653]" started-at="2024-01-16T16:46:38 IST" name="verify_loginDDT" data-provider="LoginData" finished-at="2024-01-16T16:47:19 IST" duration-ms="41057" status="PASS">
          <params>
            <param index="0">
              <value>
                <![CDATA[pradeep_8@yopmail.com]]>
              </value>
            </param>
            <param index="1">
              <value>
                <![CDATA[Abcd@1241]]>
              </value>
            </param>
            <param index="2">
              <value>
                <![CDATA[Invalid]]>
              </value>
            </param>
          </params>
          <reporter-output>
          </reporter-output>
        </test-method> <!-- verify_loginDDT -->
        <test-method signature="verify_loginDDT(java.lang.String,java.lang.String,java.lang.String)[pri:0, instance:testCases.TC_002_LoginDDT@6f2cb653]" started-at="2024-01-16T16:47:19 IST" name="verify_loginDDT" data-provider="LoginData" finished-at="2024-01-16T16:48:01 IST" duration-ms="41234" status="PASS">
          <params>
            <param index="0">
              <value>
                <![CDATA[pradeep_9@yopmail.com]]>
              </value>
            </param>
            <param index="1">
              <value>
                <![CDATA[Abcd@1242]]>
              </value>
            </param>
            <param index="2">
              <value>
                <![CDATA[Invalid]]>
              </value>
            </param>
          </params>
          <reporter-output>
          </reporter-output>
        </test-method> <!-- verify_loginDDT -->
        <test-method signature="verify_loginDDT(java.lang.String,java.lang.String,java.lang.String)[pri:0, instance:testCases.TC_002_LoginDDT@6f2cb653]" started-at="2024-01-16T16:48:01 IST" name="verify_loginDDT" data-provider="LoginData" finished-at="2024-01-16T16:48:41 IST" duration-ms="40596" status="PASS">
          <params>
            <param index="0">
              <value>
                <![CDATA[]]>
              </value>
            </param>
            <param index="1">
              <value>
                <![CDATA[]]>
              </value>
            </param>
            <param index="2">
              <value>
                <![CDATA[]]>
              </value>
            </param>
          </params>
          <reporter-output>
          </reporter-output>
        </test-method> <!-- verify_loginDDT -->
        <test-method is-config="true" signature="tearDown()[pri:0, instance:testCases.TC_002_LoginDDT@6f2cb653]" started-at="2024-01-16T16:48:41 IST" name="tearDown" finished-at="2024-01-16T16:48:42 IST" duration-ms="350" status="PASS">
          <reporter-output>
          </reporter-output>
        </test-method> <!-- tearDown -->
      </class> <!-- testCases.TC_002_LoginDDT -->
    </test> <!-- Test -->
  </suite> <!-- Suite -->
</testng-results>
